2019-01-24 16:52:02,595 ERROR org.springframework.scheduling.support.TaskUtils$LoggingErrorHandler 95 Unexpected error occurred in scheduled task.
org.springframework.data.redis.RedisConnectionFailureException: java.net.SocketTimeoutException: Read timed out; nested exception is redis.clients.jedis.exceptions.JedisConnectionException: java.net.SocketTimeoutException: Read timed out
	at org.springframework.data.redis.connection.jedis.JedisExceptionConverter.convert(JedisExceptionConverter.java:67) ~[spring-data-redis-1.7.8.RELEASE.jar:?]
	at org.springframework.data.redis.connection.jedis.JedisExceptionConverter.convert(JedisExceptionConverter.java:41) ~[spring-data-redis-1.7.8.RELEASE.jar:?]
	at org.springframework.data.redis.PassThroughExceptionTranslationStrategy.translate(PassThroughExceptionTranslationStrategy.java:37) ~[spring-data-redis-1.7.8.RELEASE.jar:?]
	at org.springframework.data.redis.FallbackExceptionTranslationStrategy.translate(FallbackExceptionTranslationStrategy.java:37) ~[spring-data-redis-1.7.8.RELEASE.jar:?]
	at org.springframework.data.redis.connection.jedis.JedisConnection.convertJedisAccessException(JedisConnection.java:212) ~[spring-data-redis-1.7.8.RELEASE.jar:?]
	at org.springframework.data.redis.connection.jedis.JedisConnection.del(JedisConnection.java:730) ~[spring-data-redis-1.7.8.RELEASE.jar:?]
	at org.springframework.data.redis.core.RedisTemplate$4.doInRedis(RedisTemplate.java:613) ~[spring-data-redis-1.7.8.RELEASE.jar:?]
	at org.springframework.data.redis.core.RedisTemplate.execute(RedisTemplate.java:204) ~[spring-data-redis-1.7.8.RELEASE.jar:?]
	at org.springframework.data.redis.core.RedisTemplate.execute(RedisTemplate.java:166) ~[spring-data-redis-1.7.8.RELEASE.jar:?]
	at org.springframework.data.redis.core.RedisTemplate.delete(RedisTemplate.java:610) ~[spring-data-redis-1.7.8.RELEASE.jar:?]
	at org.springframework.session.data.redis.RedisSessionExpirationPolicy.cleanExpiredSessions(RedisSessionExpirationPolicy.java:124) ~[spring-session-1.2.2.RELEASE.jar:?]
	at org.springframework.session.data.redis.RedisOperationsSessionRepository.cleanupExpiredSessions(RedisOperationsSessionRepository.java:398) ~[spring-session-1.2.2.RELEASE.jar:?]
	at sun.reflect.GeneratedMethodAccessor76.invoke(Unknown Source) ~[?:?]
	at sun.reflect.DelegatingMethodAccessorImpl.invoke(DelegatingMethodAccessorImpl.java:43) ~[?:1.8.0_191]
	at java.lang.reflect.Method.invoke(Method.java:498) ~[?:1.8.0_191]
	at org.springframework.scheduling.support.ScheduledMethodRunnable.run(ScheduledMethodRunnable.java:65) ~[spring-context-4.3.7.RELEASE.jar:4.3.7.RELEASE]
	at org.springframework.scheduling.support.DelegatingErrorHandlingRunnable.run(DelegatingErrorHandlingRunnable.java:54) [spring-context-4.3.7.RELEASE.jar:4.3.7.RELEASE]
	at org.springframework.scheduling.concurrent.ReschedulingRunnable.run(ReschedulingRunnable.java:81) [spring-context-4.3.7.RELEASE.jar:4.3.7.RELEASE]
	at java.util.concurrent.Executors$RunnableAdapter.call(Executors.java:511) [?:1.8.0_191]
	at java.util.concurrent.FutureTask.run(FutureTask.java:266) [?:1.8.0_191]
	at java.util.concurrent.ScheduledThreadPoolExecutor$ScheduledFutureTask.access$201(ScheduledThreadPoolExecutor.java:180) [?:1.8.0_191]
	at java.util.concurrent.ScheduledThreadPoolExecutor$ScheduledFutureTask.run(ScheduledThreadPoolExecutor.java:293) [?:1.8.0_191]
	at java.util.concurrent.ThreadPoolExecutor.runWorker(ThreadPoolExecutor.java:1149) [?:1.8.0_191]
	at java.util.concurrent.ThreadPoolExecutor$Worker.run(ThreadPoolExecutor.java:624) [?:1.8.0_191]
	at java.lang.Thread.run(Thread.java:748) [?:1.8.0_191]
Caused by: redis.clients.jedis.exceptions.JedisConnectionException: java.net.SocketTimeoutException: Read timed out
	at redis.clients.util.RedisInputStream.ensureFill(RedisInputStream.java:202) ~[jedis-2.8.2.jar:?]
	at redis.clients.util.RedisInputStream.readByte(RedisInputStream.java:40) ~[jedis-2.8.2.jar:?]
	at redis.clients.jedis.Protocol.process(Protocol.java:147) ~[jedis-2.8.2.jar:?]
	at redis.clients.jedis.Protocol.read(Protocol.java:211) ~[jedis-2.8.2.jar:?]
	at redis.clients.jedis.Connection.readProtocolWithCheckingBroken(Connection.java:297) ~[jedis-2.8.2.jar:?]
	at redis.clients.jedis.Connection.getIntegerReply(Connection.java:222) ~[jedis-2.8.2.jar:?]
	at redis.clients.jedis.BinaryJedis.del(BinaryJedis.java:202) ~[jedis-2.8.2.jar:?]
	at org.springframework.data.redis.connection.jedis.JedisConnection.del(JedisConnection.java:728) ~[spring-data-redis-1.7.8.RELEASE.jar:?]
	... 19 more
Caused by: java.net.SocketTimeoutException: Read timed out
	at java.net.SocketInputStream.socketRead0(Native Method) ~[?:1.8.0_191]
	at java.net.SocketInputStream.socketRead(SocketInputStream.java:116) ~[?:1.8.0_191]
	at java.net.SocketInputStream.read(SocketInputStream.java:171) ~[?:1.8.0_191]
	at java.net.SocketInputStream.read(SocketInputStream.java:141) ~[?:1.8.0_191]
	at java.net.SocketInputStream.read(SocketInputStream.java:127) ~[?:1.8.0_191]
	at redis.clients.util.RedisInputStream.ensureFill(RedisInputStream.java:196) ~[jedis-2.8.2.jar:?]
	at redis.clients.util.RedisInputStream.readByte(RedisInputStream.java:40) ~[jedis-2.8.2.jar:?]
	at redis.clients.jedis.Protocol.process(Protocol.java:147) ~[jedis-2.8.2.jar:?]
	at redis.clients.jedis.Protocol.read(Protocol.java:211) ~[jedis-2.8.2.jar:?]
	at redis.clients.jedis.Connection.readProtocolWithCheckingBroken(Connection.java:297) ~[jedis-2.8.2.jar:?]
	at redis.clients.jedis.Connection.getIntegerReply(Connection.java:222) ~[jedis-2.8.2.jar:?]
	at redis.clients.jedis.BinaryJedis.del(BinaryJedis.java:202) ~[jedis-2.8.2.jar:?]
	at org.springframework.data.redis.connection.jedis.JedisConnection.del(JedisConnection.java:728) ~[spring-data-redis-1.7.8.RELEASE.jar:?]
	... 19 more
2019-01-24 16:56:02,495 ERROR org.springframework.scheduling.support.TaskUtils$LoggingErrorHandler 95 Unexpected error occurred in scheduled task.
org.springframework.data.redis.RedisConnectionFailureException: java.net.SocketTimeoutException: Read timed out; nested exception is redis.clients.jedis.exceptions.JedisConnectionException: java.net.SocketTimeoutException: Read timed out
	at org.springframework.data.redis.connection.jedis.JedisExceptionConverter.convert(JedisExceptionConverter.java:67) ~[spring-data-redis-1.7.8.RELEASE.jar:?]
	at org.springframework.data.redis.connection.jedis.JedisExceptionConverter.convert(JedisExceptionConverter.java:41) ~[spring-data-redis-1.7.8.RELEASE.jar:?]
	at org.springframework.data.redis.PassThroughExceptionTranslationStrategy.translate(PassThroughExceptionTranslationStrategy.java:37) ~[spring-data-redis-1.7.8.RELEASE.jar:?]
	at org.springframework.data.redis.FallbackExceptionTranslationStrategy.translate(FallbackExceptionTranslationStrategy.java:37) ~[spring-data-redis-1.7.8.RELEASE.jar:?]
	at org.springframework.data.redis.connection.jedis.JedisConnection.convertJedisAccessException(JedisConnection.java:212) ~[spring-data-redis-1.7.8.RELEASE.jar:?]
	at org.springframework.data.redis.connection.jedis.JedisConnection.del(JedisConnection.java:730) ~[spring-data-redis-1.7.8.RELEASE.jar:?]
	at org.springframework.data.redis.core.RedisTemplate$4.doInRedis(RedisTemplate.java:613) ~[spring-data-redis-1.7.8.RELEASE.jar:?]
	at org.springframework.data.redis.core.RedisTemplate.execute(RedisTemplate.java:204) ~[spring-data-redis-1.7.8.RELEASE.jar:?]
	at org.springframework.data.redis.core.RedisTemplate.execute(RedisTemplate.java:166) ~[spring-data-redis-1.7.8.RELEASE.jar:?]
	at org.springframework.data.redis.core.RedisTemplate.delete(RedisTemplate.java:610) ~[spring-data-redis-1.7.8.RELEASE.jar:?]
	at org.springframework.session.data.redis.RedisSessionExpirationPolicy.cleanExpiredSessions(RedisSessionExpirationPolicy.java:124) ~[spring-session-1.2.2.RELEASE.jar:?]
	at org.springframework.session.data.redis.RedisOperationsSessionRepository.cleanupExpiredSessions(RedisOperationsSessionRepository.java:398) ~[spring-session-1.2.2.RELEASE.jar:?]
	at sun.reflect.GeneratedMethodAccessor76.invoke(Unknown Source) ~[?:?]
	at sun.reflect.DelegatingMethodAccessorImpl.invoke(DelegatingMethodAccessorImpl.java:43) ~[?:1.8.0_191]
	at java.lang.reflect.Method.invoke(Method.java:498) ~[?:1.8.0_191]
	at org.springframework.scheduling.support.ScheduledMethodRunnable.run(ScheduledMethodRunnable.java:65) ~[spring-context-4.3.7.RELEASE.jar:4.3.7.RELEASE]
	at org.springframework.scheduling.support.DelegatingErrorHandlingRunnable.run(DelegatingErrorHandlingRunnable.java:54) [spring-context-4.3.7.RELEASE.jar:4.3.7.RELEASE]
	at org.springframework.scheduling.concurrent.ReschedulingRunnable.run(ReschedulingRunnable.java:81) [spring-context-4.3.7.RELEASE.jar:4.3.7.RELEASE]
	at java.util.concurrent.Executors$RunnableAdapter.call(Executors.java:511) [?:1.8.0_191]
	at java.util.concurrent.FutureTask.run(FutureTask.java:266) [?:1.8.0_191]
	at java.util.concurrent.ScheduledThreadPoolExecutor$ScheduledFutureTask.access$201(ScheduledThreadPoolExecutor.java:180) [?:1.8.0_191]
	at java.util.concurrent.ScheduledThreadPoolExecutor$ScheduledFutureTask.run(ScheduledThreadPoolExecutor.java:293) [?:1.8.0_191]
	at java.util.concurrent.ThreadPoolExecutor.runWorker(ThreadPoolExecutor.java:1149) [?:1.8.0_191]
	at java.util.concurrent.ThreadPoolExecutor$Worker.run(ThreadPoolExecutor.java:624) [?:1.8.0_191]
	at java.lang.Thread.run(Thread.java:748) [?:1.8.0_191]
Caused by: redis.clients.jedis.exceptions.JedisConnectionException: java.net.SocketTimeoutException: Read timed out
	at redis.clients.util.RedisInputStream.ensureFill(RedisInputStream.java:202) ~[jedis-2.8.2.jar:?]
	at redis.clients.util.RedisInputStream.readByte(RedisInputStream.java:40) ~[jedis-2.8.2.jar:?]
	at redis.clients.jedis.Protocol.process(Protocol.java:147) ~[jedis-2.8.2.jar:?]
	at redis.clients.jedis.Protocol.read(Protocol.java:211) ~[jedis-2.8.2.jar:?]
	at redis.clients.jedis.Connection.readProtocolWithCheckingBroken(Connection.java:297) ~[jedis-2.8.2.jar:?]
	at redis.clients.jedis.Connection.getIntegerReply(Connection.java:222) ~[jedis-2.8.2.jar:?]
	at redis.clients.jedis.BinaryJedis.del(BinaryJedis.java:202) ~[jedis-2.8.2.jar:?]
	at org.springframework.data.redis.connection.jedis.JedisConnection.del(JedisConnection.java:728) ~[spring-data-redis-1.7.8.RELEASE.jar:?]
	... 19 more
Caused by: java.net.SocketTimeoutException: Read timed out
	at java.net.SocketInputStream.socketRead0(Native Method) ~[?:1.8.0_191]
	at java.net.SocketInputStream.socketRead(SocketInputStream.java:116) ~[?:1.8.0_191]
	at java.net.SocketInputStream.read(SocketInputStream.java:171) ~[?:1.8.0_191]
	at java.net.SocketInputStream.read(SocketInputStream.java:141) ~[?:1.8.0_191]
	at java.net.SocketInputStream.read(SocketInputStream.java:127) ~[?:1.8.0_191]
	at redis.clients.util.RedisInputStream.ensureFill(RedisInputStream.java:196) ~[jedis-2.8.2.jar:?]
	at redis.clients.util.RedisInputStream.readByte(RedisInputStream.java:40) ~[jedis-2.8.2.jar:?]
	at redis.clients.jedis.Protocol.process(Protocol.java:147) ~[jedis-2.8.2.jar:?]
	at redis.clients.jedis.Protocol.read(Protocol.java:211) ~[jedis-2.8.2.jar:?]
	at redis.clients.jedis.Connection.readProtocolWithCheckingBroken(Connection.java:297) ~[jedis-2.8.2.jar:?]
	at redis.clients.jedis.Connection.getIntegerReply(Connection.java:222) ~[jedis-2.8.2.jar:?]
	at redis.clients.jedis.BinaryJedis.del(BinaryJedis.java:202) ~[jedis-2.8.2.jar:?]
	at org.springframework.data.redis.connection.jedis.JedisConnection.del(JedisConnection.java:728) ~[spring-data-redis-1.7.8.RELEASE.jar:?]
	... 19 more
2019-01-24 16:57:04,398 ERROR org.springframework.scheduling.support.TaskUtils$LoggingErrorHandler 95 Unexpected error occurred in scheduled task.
org.springframework.data.redis.RedisConnectionFailureException: java.net.SocketTimeoutException: Read timed out; nested exception is redis.clients.jedis.exceptions.JedisConnectionException: java.net.SocketTimeoutException: Read timed out
	at org.springframework.data.redis.connection.jedis.JedisExceptionConverter.convert(JedisExceptionConverter.java:67) ~[spring-data-redis-1.7.8.RELEASE.jar:?]
	at org.springframework.data.redis.connection.jedis.JedisExceptionConverter.convert(JedisExceptionConverter.java:41) ~[spring-data-redis-1.7.8.RELEASE.jar:?]
	at org.springframework.data.redis.PassThroughExceptionTranslationStrategy.translate(PassThroughExceptionTranslationStrategy.java:37) ~[spring-data-redis-1.7.8.RELEASE.jar:?]
	at org.springframework.data.redis.FallbackExceptionTranslationStrategy.translate(FallbackExceptionTranslationStrategy.java:37) ~[spring-data-redis-1.7.8.RELEASE.jar:?]
	at org.springframework.data.redis.connection.jedis.JedisConnection.convertJedisAccessException(JedisConnection.java:212) ~[spring-data-redis-1.7.8.RELEASE.jar:?]
	at org.springframework.data.redis.connection.jedis.JedisConnection.del(JedisConnection.java:730) ~[spring-data-redis-1.7.8.RELEASE.jar:?]
	at org.springframework.data.redis.core.RedisTemplate$4.doInRedis(RedisTemplate.java:613) ~[spring-data-redis-1.7.8.RELEASE.jar:?]
	at org.springframework.data.redis.core.RedisTemplate.execute(RedisTemplate.java:204) ~[spring-data-redis-1.7.8.RELEASE.jar:?]
	at org.springframework.data.redis.core.RedisTemplate.execute(RedisTemplate.java:166) ~[spring-data-redis-1.7.8.RELEASE.jar:?]
	at org.springframework.data.redis.core.RedisTemplate.delete(RedisTemplate.java:610) ~[spring-data-redis-1.7.8.RELEASE.jar:?]
	at org.springframework.session.data.redis.RedisSessionExpirationPolicy.cleanExpiredSessions(RedisSessionExpirationPolicy.java:124) ~[spring-session-1.2.2.RELEASE.jar:?]
	at org.springframework.session.data.redis.RedisOperationsSessionRepository.cleanupExpiredSessions(RedisOperationsSessionRepository.java:398) ~[spring-session-1.2.2.RELEASE.jar:?]
	at sun.reflect.GeneratedMethodAccessor76.invoke(Unknown Source) ~[?:?]
	at sun.reflect.DelegatingMethodAccessorImpl.invoke(DelegatingMethodAccessorImpl.java:43) ~[?:1.8.0_191]
	at java.lang.reflect.Method.invoke(Method.java:498) ~[?:1.8.0_191]
	at org.springframework.scheduling.support.ScheduledMethodRunnable.run(ScheduledMethodRunnable.java:65) ~[spring-context-4.3.7.RELEASE.jar:4.3.7.RELEASE]
	at org.springframework.scheduling.support.DelegatingErrorHandlingRunnable.run(DelegatingErrorHandlingRunnable.java:54) [spring-context-4.3.7.RELEASE.jar:4.3.7.RELEASE]
	at org.springframework.scheduling.concurrent.ReschedulingRunnable.run(ReschedulingRunnable.java:81) [spring-context-4.3.7.RELEASE.jar:4.3.7.RELEASE]
	at java.util.concurrent.Executors$RunnableAdapter.call(Executors.java:511) [?:1.8.0_191]
	at java.util.concurrent.FutureTask.run(FutureTask.java:266) [?:1.8.0_191]
	at java.util.concurrent.ScheduledThreadPoolExecutor$ScheduledFutureTask.access$201(ScheduledThreadPoolExecutor.java:180) [?:1.8.0_191]
	at java.util.concurrent.ScheduledThreadPoolExecutor$ScheduledFutureTask.run(ScheduledThreadPoolExecutor.java:293) [?:1.8.0_191]
	at java.util.concurrent.ThreadPoolExecutor.runWorker(ThreadPoolExecutor.java:1149) [?:1.8.0_191]
	at java.util.concurrent.ThreadPoolExecutor$Worker.run(ThreadPoolExecutor.java:624) [?:1.8.0_191]
	at java.lang.Thread.run(Thread.java:748) [?:1.8.0_191]
Caused by: redis.clients.jedis.exceptions.JedisConnectionException: java.net.SocketTimeoutException: Read timed out
	at redis.clients.util.RedisInputStream.ensureFill(RedisInputStream.java:202) ~[jedis-2.8.2.jar:?]
	at redis.clients.util.RedisInputStream.readByte(RedisInputStream.java:40) ~[jedis-2.8.2.jar:?]
	at redis.clients.jedis.Protocol.process(Protocol.java:147) ~[jedis-2.8.2.jar:?]
	at redis.clients.jedis.Protocol.read(Protocol.java:211) ~[jedis-2.8.2.jar:?]
	at redis.clients.jedis.Connection.readProtocolWithCheckingBroken(Connection.java:297) ~[jedis-2.8.2.jar:?]
	at redis.clients.jedis.Connection.getIntegerReply(Connection.java:222) ~[jedis-2.8.2.jar:?]
	at redis.clients.jedis.BinaryJedis.del(BinaryJedis.java:202) ~[jedis-2.8.2.jar:?]
	at org.springframework.data.redis.connection.jedis.JedisConnection.del(JedisConnection.java:728) ~[spring-data-redis-1.7.8.RELEASE.jar:?]
	... 19 more
Caused by: java.net.SocketTimeoutException: Read timed out
	at java.net.SocketInputStream.socketRead0(Native Method) ~[?:1.8.0_191]
	at java.net.SocketInputStream.socketRead(SocketInputStream.java:116) ~[?:1.8.0_191]
	at java.net.SocketInputStream.read(SocketInputStream.java:171) ~[?:1.8.0_191]
	at java.net.SocketInputStream.read(SocketInputStream.java:141) ~[?:1.8.0_191]
	at java.net.SocketInputStream.read(SocketInputStream.java:127) ~[?:1.8.0_191]
	at redis.clients.util.RedisInputStream.ensureFill(RedisInputStream.java:196) ~[jedis-2.8.2.jar:?]
	at redis.clients.util.RedisInputStream.readByte(RedisInputStream.java:40) ~[jedis-2.8.2.jar:?]
	at redis.clients.jedis.Protocol.process(Protocol.java:147) ~[jedis-2.8.2.jar:?]
	at redis.clients.jedis.Protocol.read(Protocol.java:211) ~[jedis-2.8.2.jar:?]
	at redis.clients.jedis.Connection.readProtocolWithCheckingBroken(Connection.java:297) ~[jedis-2.8.2.jar:?]
	at redis.clients.jedis.Connection.getIntegerReply(Connection.java:222) ~[jedis-2.8.2.jar:?]
	at redis.clients.jedis.BinaryJedis.del(BinaryJedis.java:202) ~[jedis-2.8.2.jar:?]
	at org.springframework.data.redis.connection.jedis.JedisConnection.del(JedisConnection.java:728) ~[spring-data-redis-1.7.8.RELEASE.jar:?]
	... 19 more
2019-01-24 18:29:02,490 ERROR org.springframework.scheduling.support.TaskUtils$LoggingErrorHandler 95 Unexpected error occurred in scheduled task.
org.springframework.data.redis.RedisConnectionFailureException: java.net.SocketTimeoutException: Read timed out; nested exception is redis.clients.jedis.exceptions.JedisConnectionException: java.net.SocketTimeoutException: Read timed out
	at org.springframework.data.redis.connection.jedis.JedisExceptionConverter.convert(JedisExceptionConverter.java:67) ~[spring-data-redis-1.7.8.RELEASE.jar:?]
	at org.springframework.data.redis.connection.jedis.JedisExceptionConverter.convert(JedisExceptionConverter.java:41) ~[spring-data-redis-1.7.8.RELEASE.jar:?]
	at org.springframework.data.redis.PassThroughExceptionTranslationStrategy.translate(PassThroughExceptionTranslationStrategy.java:37) ~[spring-data-redis-1.7.8.RELEASE.jar:?]
	at org.springframework.data.redis.FallbackExceptionTranslationStrategy.translate(FallbackExceptionTranslationStrategy.java:37) ~[spring-data-redis-1.7.8.RELEASE.jar:?]
	at org.springframework.data.redis.connection.jedis.JedisConnection.convertJedisAccessException(JedisConnection.java:212) ~[spring-data-redis-1.7.8.RELEASE.jar:?]
	at org.springframework.data.redis.connection.jedis.JedisConnection.del(JedisConnection.java:730) ~[spring-data-redis-1.7.8.RELEASE.jar:?]
	at org.springframework.data.redis.core.RedisTemplate$4.doInRedis(RedisTemplate.java:613) ~[spring-data-redis-1.7.8.RELEASE.jar:?]
	at org.springframework.data.redis.core.RedisTemplate.execute(RedisTemplate.java:204) ~[spring-data-redis-1.7.8.RELEASE.jar:?]
	at org.springframework.data.redis.core.RedisTemplate.execute(RedisTemplate.java:166) ~[spring-data-redis-1.7.8.RELEASE.jar:?]
	at org.springframework.data.redis.core.RedisTemplate.delete(RedisTemplate.java:610) ~[spring-data-redis-1.7.8.RELEASE.jar:?]
	at org.springframework.session.data.redis.RedisSessionExpirationPolicy.cleanExpiredSessions(RedisSessionExpirationPolicy.java:124) ~[spring-session-1.2.2.RELEASE.jar:?]
	at org.springframework.session.data.redis.RedisOperationsSessionRepository.cleanupExpiredSessions(RedisOperationsSessionRepository.java:398) ~[spring-session-1.2.2.RELEASE.jar:?]
	at sun.reflect.GeneratedMethodAccessor76.invoke(Unknown Source) ~[?:?]
	at sun.reflect.DelegatingMethodAccessorImpl.invoke(DelegatingMethodAccessorImpl.java:43) ~[?:1.8.0_191]
	at java.lang.reflect.Method.invoke(Method.java:498) ~[?:1.8.0_191]
	at org.springframework.scheduling.support.ScheduledMethodRunnable.run(ScheduledMethodRunnable.java:65) ~[spring-context-4.3.7.RELEASE.jar:4.3.7.RELEASE]
	at org.springframework.scheduling.support.DelegatingErrorHandlingRunnable.run(DelegatingErrorHandlingRunnable.java:54) [spring-context-4.3.7.RELEASE.jar:4.3.7.RELEASE]
	at org.springframework.scheduling.concurrent.ReschedulingRunnable.run(ReschedulingRunnable.java:81) [spring-context-4.3.7.RELEASE.jar:4.3.7.RELEASE]
	at java.util.concurrent.Executors$RunnableAdapter.call(Executors.java:511) [?:1.8.0_191]
	at java.util.concurrent.FutureTask.run(FutureTask.java:266) [?:1.8.0_191]
	at java.util.concurrent.ScheduledThreadPoolExecutor$ScheduledFutureTask.access$201(ScheduledThreadPoolExecutor.java:180) [?:1.8.0_191]
	at java.util.concurrent.ScheduledThreadPoolExecutor$ScheduledFutureTask.run(ScheduledThreadPoolExecutor.java:293) [?:1.8.0_191]
	at java.util.concurrent.ThreadPoolExecutor.runWorker(ThreadPoolExecutor.java:1149) [?:1.8.0_191]
	at java.util.concurrent.ThreadPoolExecutor$Worker.run(ThreadPoolExecutor.java:624) [?:1.8.0_191]
	at java.lang.Thread.run(Thread.java:748) [?:1.8.0_191]
Caused by: redis.clients.jedis.exceptions.JedisConnectionException: java.net.SocketTimeoutException: Read timed out
	at redis.clients.util.RedisInputStream.ensureFill(RedisInputStream.java:202) ~[jedis-2.8.2.jar:?]
	at redis.clients.util.RedisInputStream.readByte(RedisInputStream.java:40) ~[jedis-2.8.2.jar:?]
	at redis.clients.jedis.Protocol.process(Protocol.java:147) ~[jedis-2.8.2.jar:?]
	at redis.clients.jedis.Protocol.read(Protocol.java:211) ~[jedis-2.8.2.jar:?]
	at redis.clients.jedis.Connection.readProtocolWithCheckingBroken(Connection.java:297) ~[jedis-2.8.2.jar:?]
	at redis.clients.jedis.Connection.getIntegerReply(Connection.java:222) ~[jedis-2.8.2.jar:?]
	at redis.clients.jedis.BinaryJedis.del(BinaryJedis.java:202) ~[jedis-2.8.2.jar:?]
	at org.springframework.data.redis.connection.jedis.JedisConnection.del(JedisConnection.java:728) ~[spring-data-redis-1.7.8.RELEASE.jar:?]
	... 19 more
Caused by: java.net.SocketTimeoutException: Read timed out
	at java.net.SocketInputStream.socketRead0(Native Method) ~[?:1.8.0_191]
	at java.net.SocketInputStream.socketRead(SocketInputStream.java:116) ~[?:1.8.0_191]
	at java.net.SocketInputStream.read(SocketInputStream.java:171) ~[?:1.8.0_191]
	at java.net.SocketInputStream.read(SocketInputStream.java:141) ~[?:1.8.0_191]
	at java.net.SocketInputStream.read(SocketInputStream.java:127) ~[?:1.8.0_191]
	at redis.clients.util.RedisInputStream.ensureFill(RedisInputStream.java:196) ~[jedis-2.8.2.jar:?]
	at redis.clients.util.RedisInputStream.readByte(RedisInputStream.java:40) ~[jedis-2.8.2.jar:?]
	at redis.clients.jedis.Protocol.process(Protocol.java:147) ~[jedis-2.8.2.jar:?]
	at redis.clients.jedis.Protocol.read(Protocol.java:211) ~[jedis-2.8.2.jar:?]
	at redis.clients.jedis.Connection.readProtocolWithCheckingBroken(Connection.java:297) ~[jedis-2.8.2.jar:?]
	at redis.clients.jedis.Connection.getIntegerReply(Connection.java:222) ~[jedis-2.8.2.jar:?]
	at redis.clients.jedis.BinaryJedis.del(BinaryJedis.java:202) ~[jedis-2.8.2.jar:?]
	at org.springframework.data.redis.connection.jedis.JedisConnection.del(JedisConnection.java:728) ~[spring-data-redis-1.7.8.RELEASE.jar:?]
	... 19 more
2019-01-24 18:32:02,351 ERROR org.springframework.scheduling.support.TaskUtils$LoggingErrorHandler 95 Unexpected error occurred in scheduled task.
org.springframework.data.redis.RedisConnectionFailureException: java.net.SocketTimeoutException: Read timed out; nested exception is redis.clients.jedis.exceptions.JedisConnectionException: java.net.SocketTimeoutException: Read timed out
	at org.springframework.data.redis.connection.jedis.JedisExceptionConverter.convert(JedisExceptionConverter.java:67) ~[spring-data-redis-1.7.8.RELEASE.jar:?]
	at org.springframework.data.redis.connection.jedis.JedisExceptionConverter.convert(JedisExceptionConverter.java:41) ~[spring-data-redis-1.7.8.RELEASE.jar:?]
	at org.springframework.data.redis.PassThroughExceptionTranslationStrategy.translate(PassThroughExceptionTranslationStrategy.java:37) ~[spring-data-redis-1.7.8.RELEASE.jar:?]
	at org.springframework.data.redis.FallbackExceptionTranslationStrategy.translate(FallbackExceptionTranslationStrategy.java:37) ~[spring-data-redis-1.7.8.RELEASE.jar:?]
	at org.springframework.data.redis.connection.jedis.JedisConnection.convertJedisAccessException(JedisConnection.java:212) ~[spring-data-redis-1.7.8.RELEASE.jar:?]
	at org.springframework.data.redis.connection.jedis.JedisConnection.sMembers(JedisConnection.java:1989) ~[spring-data-redis-1.7.8.RELEASE.jar:?]
	at org.springframework.data.redis.core.DefaultSetOperations$7.doInRedis(DefaultSetOperations.java:129) ~[spring-data-redis-1.7.8.RELEASE.jar:?]
	at org.springframework.data.redis.core.DefaultSetOperations$7.doInRedis(DefaultSetOperations.java:126) ~[spring-data-redis-1.7.8.RELEASE.jar:?]
	at org.springframework.data.redis.core.RedisTemplate.execute(RedisTemplate.java:204) ~[spring-data-redis-1.7.8.RELEASE.jar:?]
	at org.springframework.data.redis.core.RedisTemplate.execute(RedisTemplate.java:166) ~[spring-data-redis-1.7.8.RELEASE.jar:?]
	at org.springframework.data.redis.core.AbstractOperations.execute(AbstractOperations.java:88) ~[spring-data-redis-1.7.8.RELEASE.jar:?]
	at org.springframework.data.redis.core.DefaultSetOperations.members(DefaultSetOperations.java:126) ~[spring-data-redis-1.7.8.RELEASE.jar:?]
	at org.springframework.data.redis.core.DefaultBoundSetOperations.members(DefaultBoundSetOperations.java:91) ~[spring-data-redis-1.7.8.RELEASE.jar:?]
	at org.springframework.session.data.redis.RedisSessionExpirationPolicy.cleanExpiredSessions(RedisSessionExpirationPolicy.java:123) ~[spring-session-1.2.2.RELEASE.jar:?]
	at org.springframework.session.data.redis.RedisOperationsSessionRepository.cleanupExpiredSessions(RedisOperationsSessionRepository.java:398) ~[spring-session-1.2.2.RELEASE.jar:?]
	at sun.reflect.GeneratedMethodAccessor76.invoke(Unknown Source) ~[?:?]
	at sun.reflect.DelegatingMethodAccessorImpl.invoke(DelegatingMethodAccessorImpl.java:43) ~[?:1.8.0_191]
	at java.lang.reflect.Method.invoke(Method.java:498) ~[?:1.8.0_191]
	at org.springframework.scheduling.support.ScheduledMethodRunnable.run(ScheduledMethodRunnable.java:65) ~[spring-context-4.3.7.RELEASE.jar:4.3.7.RELEASE]
	at org.springframework.scheduling.support.DelegatingErrorHandlingRunnable.run(DelegatingErrorHandlingRunnable.java:54) [spring-context-4.3.7.RELEASE.jar:4.3.7.RELEASE]
	at org.springframework.scheduling.concurrent.ReschedulingRunnable.run(ReschedulingRunnable.java:81) [spring-context-4.3.7.RELEASE.jar:4.3.7.RELEASE]
	at java.util.concurrent.Executors$RunnableAdapter.call(Executors.java:511) [?:1.8.0_191]
	at java.util.concurrent.FutureTask.run(FutureTask.java:266) [?:1.8.0_191]
	at java.util.concurrent.ScheduledThreadPoolExecutor$ScheduledFutureTask.access$201(ScheduledThreadPoolExecutor.java:180) [?:1.8.0_191]
	at java.util.concurrent.ScheduledThreadPoolExecutor$ScheduledFutureTask.run(ScheduledThreadPoolExecutor.java:293) [?:1.8.0_191]
	at java.util.concurrent.ThreadPoolExecutor.runWorker(ThreadPoolExecutor.java:1149) [?:1.8.0_191]
	at java.util.concurrent.ThreadPoolExecutor$Worker.run(ThreadPoolExecutor.java:624) [?:1.8.0_191]
	at java.lang.Thread.run(Thread.java:748) [?:1.8.0_191]
Caused by: redis.clients.jedis.exceptions.JedisConnectionException: java.net.SocketTimeoutException: Read timed out
	at redis.clients.util.RedisInputStream.ensureFill(RedisInputStream.java:202) ~[jedis-2.8.2.jar:?]
	at redis.clients.util.RedisInputStream.readByte(RedisInputStream.java:40) ~[jedis-2.8.2.jar:?]
	at redis.clients.jedis.Protocol.process(Protocol.java:147) ~[jedis-2.8.2.jar:?]
	at redis.clients.jedis.Protocol.read(Protocol.java:211) ~[jedis-2.8.2.jar:?]
	at redis.clients.jedis.Connection.readProtocolWithCheckingBroken(Connection.java:297) ~[jedis-2.8.2.jar:?]
	at redis.clients.jedis.Connection.getBinaryMultiBulkReply(Connection.java:233) ~[jedis-2.8.2.jar:?]
	at redis.clients.jedis.BinaryJedis.smembers(BinaryJedis.java:1222) ~[jedis-2.8.2.jar:?]
	at org.springframework.data.redis.connection.jedis.JedisConnection.sMembers(JedisConnection.java:1987) ~[spring-data-redis-1.7.8.RELEASE.jar:?]
	... 22 more
Caused by: java.net.SocketTimeoutException: Read timed out
	at java.net.SocketInputStream.socketRead0(Native Method) ~[?:1.8.0_191]
	at java.net.SocketInputStream.socketRead(SocketInputStream.java:116) ~[?:1.8.0_191]
	at java.net.SocketInputStream.read(SocketInputStream.java:171) ~[?:1.8.0_191]
	at java.net.SocketInputStream.read(SocketInputStream.java:141) ~[?:1.8.0_191]
	at java.net.SocketInputStream.read(SocketInputStream.java:127) ~[?:1.8.0_191]
	at redis.clients.util.RedisInputStream.ensureFill(RedisInputStream.java:196) ~[jedis-2.8.2.jar:?]
	at redis.clients.util.RedisInputStream.readByte(RedisInputStream.java:40) ~[jedis-2.8.2.jar:?]
	at redis.clients.jedis.Protocol.process(Protocol.java:147) ~[jedis-2.8.2.jar:?]
	at redis.clients.jedis.Protocol.read(Protocol.java:211) ~[jedis-2.8.2.jar:?]
	at redis.clients.jedis.Connection.readProtocolWithCheckingBroken(Connection.java:297) ~[jedis-2.8.2.jar:?]
	at redis.clients.jedis.Connection.getBinaryMultiBulkReply(Connection.java:233) ~[jedis-2.8.2.jar:?]
	at redis.clients.jedis.BinaryJedis.smembers(BinaryJedis.java:1222) ~[jedis-2.8.2.jar:?]
	at org.springframework.data.redis.connection.jedis.JedisConnection.sMembers(JedisConnection.java:1987) ~[spring-data-redis-1.7.8.RELEASE.jar:?]
	... 22 more
2019-01-25 13:46:03,208 ERROR org.springframework.scheduling.support.TaskUtils$LoggingErrorHandler 95 Unexpected error occurred in scheduled task.
org.springframework.data.redis.RedisConnectionFailureException: java.net.SocketTimeoutException: Read timed out; nested exception is redis.clients.jedis.exceptions.JedisConnectionException: java.net.SocketTimeoutException: Read timed out
	at org.springframework.data.redis.connection.jedis.JedisExceptionConverter.convert(JedisExceptionConverter.java:67) ~[spring-data-redis-1.7.8.RELEASE.jar:?]
	at org.springframework.data.redis.connection.jedis.JedisExceptionConverter.convert(JedisExceptionConverter.java:41) ~[spring-data-redis-1.7.8.RELEASE.jar:?]
	at org.springframework.data.redis.PassThroughExceptionTranslationStrategy.translate(PassThroughExceptionTranslationStrategy.java:37) ~[spring-data-redis-1.7.8.RELEASE.jar:?]
	at org.springframework.data.redis.FallbackExceptionTranslationStrategy.translate(FallbackExceptionTranslationStrategy.java:37) ~[spring-data-redis-1.7.8.RELEASE.jar:?]
	at org.springframework.data.redis.connection.jedis.JedisConnection.convertJedisAccessException(JedisConnection.java:212) ~[spring-data-redis-1.7.8.RELEASE.jar:?]
	at org.springframework.data.redis.connection.jedis.JedisConnection.del(JedisConnection.java:730) ~[spring-data-redis-1.7.8.RELEASE.jar:?]
	at org.springframework.data.redis.core.RedisTemplate$4.doInRedis(RedisTemplate.java:613) ~[spring-data-redis-1.7.8.RELEASE.jar:?]
	at org.springframework.data.redis.core.RedisTemplate.execute(RedisTemplate.java:204) ~[spring-data-redis-1.7.8.RELEASE.jar:?]
	at org.springframework.data.redis.core.RedisTemplate.execute(RedisTemplate.java:166) ~[spring-data-redis-1.7.8.RELEASE.jar:?]
	at org.springframework.data.redis.core.RedisTemplate.delete(RedisTemplate.java:610) ~[spring-data-redis-1.7.8.RELEASE.jar:?]
	at org.springframework.session.data.redis.RedisSessionExpirationPolicy.cleanExpiredSessions(RedisSessionExpirationPolicy.java:124) ~[spring-session-1.2.2.RELEASE.jar:?]
	at org.springframework.session.data.redis.RedisOperationsSessionRepository.cleanupExpiredSessions(RedisOperationsSessionRepository.java:398) ~[spring-session-1.2.2.RELEASE.jar:?]
	at sun.reflect.GeneratedMethodAccessor76.invoke(Unknown Source) ~[?:?]
	at sun.reflect.DelegatingMethodAccessorImpl.invoke(DelegatingMethodAccessorImpl.java:43) ~[?:1.8.0_191]
	at java.lang.reflect.Method.invoke(Method.java:498) ~[?:1.8.0_191]
	at org.springframework.scheduling.support.ScheduledMethodRunnable.run(ScheduledMethodRunnable.java:65) ~[spring-context-4.3.7.RELEASE.jar:4.3.7.RELEASE]
	at org.springframework.scheduling.support.DelegatingErrorHandlingRunnable.run(DelegatingErrorHandlingRunnable.java:54) [spring-context-4.3.7.RELEASE.jar:4.3.7.RELEASE]
	at org.springframework.scheduling.concurrent.ReschedulingRunnable.run(ReschedulingRunnable.java:81) [spring-context-4.3.7.RELEASE.jar:4.3.7.RELEASE]
	at java.util.concurrent.Executors$RunnableAdapter.call(Executors.java:511) [?:1.8.0_191]
	at java.util.concurrent.FutureTask.run(FutureTask.java:266) [?:1.8.0_191]
	at java.util.concurrent.ScheduledThreadPoolExecutor$ScheduledFutureTask.access$201(ScheduledThreadPoolExecutor.java:180) [?:1.8.0_191]
	at java.util.concurrent.ScheduledThreadPoolExecutor$ScheduledFutureTask.run(ScheduledThreadPoolExecutor.java:293) [?:1.8.0_191]
	at java.util.concurrent.ThreadPoolExecutor.runWorker(ThreadPoolExecutor.java:1149) [?:1.8.0_191]
	at java.util.concurrent.ThreadPoolExecutor$Worker.run(ThreadPoolExecutor.java:624) [?:1.8.0_191]
	at java.lang.Thread.run(Thread.java:748) [?:1.8.0_191]
Caused by: redis.clients.jedis.exceptions.JedisConnectionException: java.net.SocketTimeoutException: Read timed out
	at redis.clients.util.RedisInputStream.ensureFill(RedisInputStream.java:202) ~[jedis-2.8.2.jar:?]
	at redis.clients.util.RedisInputStream.readByte(RedisInputStream.java:40) ~[jedis-2.8.2.jar:?]
	at redis.clients.jedis.Protocol.process(Protocol.java:147) ~[jedis-2.8.2.jar:?]
	at redis.clients.jedis.Protocol.read(Protocol.java:211) ~[jedis-2.8.2.jar:?]
	at redis.clients.jedis.Connection.readProtocolWithCheckingBroken(Connection.java:297) ~[jedis-2.8.2.jar:?]
	at redis.clients.jedis.Connection.getIntegerReply(Connection.java:222) ~[jedis-2.8.2.jar:?]
	at redis.clients.jedis.BinaryJedis.del(BinaryJedis.java:202) ~[jedis-2.8.2.jar:?]
	at org.springframework.data.redis.connection.jedis.JedisConnection.del(JedisConnection.java:728) ~[spring-data-redis-1.7.8.RELEASE.jar:?]
	... 19 more
Caused by: java.net.SocketTimeoutException: Read timed out
	at java.net.SocketInputStream.socketRead0(Native Method) ~[?:1.8.0_191]
	at java.net.SocketInputStream.socketRead(SocketInputStream.java:116) ~[?:1.8.0_191]
	at java.net.SocketInputStream.read(SocketInputStream.java:171) ~[?:1.8.0_191]
	at java.net.SocketInputStream.read(SocketInputStream.java:141) ~[?:1.8.0_191]
	at java.net.SocketInputStream.read(SocketInputStream.java:127) ~[?:1.8.0_191]
	at redis.clients.util.RedisInputStream.ensureFill(RedisInputStream.java:196) ~[jedis-2.8.2.jar:?]
	at redis.clients.util.RedisInputStream.readByte(RedisInputStream.java:40) ~[jedis-2.8.2.jar:?]
	at redis.clients.jedis.Protocol.process(Protocol.java:147) ~[jedis-2.8.2.jar:?]
	at redis.clients.jedis.Protocol.read(Protocol.java:211) ~[jedis-2.8.2.jar:?]
	at redis.clients.jedis.Connection.readProtocolWithCheckingBroken(Connection.java:297) ~[jedis-2.8.2.jar:?]
	at redis.clients.jedis.Connection.getIntegerReply(Connection.java:222) ~[jedis-2.8.2.jar:?]
	at redis.clients.jedis.BinaryJedis.del(BinaryJedis.java:202) ~[jedis-2.8.2.jar:?]
	at org.springframework.data.redis.connection.jedis.JedisConnection.del(JedisConnection.java:728) ~[spring-data-redis-1.7.8.RELEASE.jar:?]
	... 19 more
2019-01-25 14:16:03,131 ERROR org.springframework.scheduling.support.TaskUtils$LoggingErrorHandler 95 Unexpected error occurred in scheduled task.
org.springframework.data.redis.RedisConnectionFailureException: java.net.SocketTimeoutException: Read timed out; nested exception is redis.clients.jedis.exceptions.JedisConnectionException: java.net.SocketTimeoutException: Read timed out
	at org.springframework.data.redis.connection.jedis.JedisExceptionConverter.convert(JedisExceptionConverter.java:67) ~[spring-data-redis-1.7.8.RELEASE.jar:?]
	at org.springframework.data.redis.connection.jedis.JedisExceptionConverter.convert(JedisExceptionConverter.java:41) ~[spring-data-redis-1.7.8.RELEASE.jar:?]
	at org.springframework.data.redis.PassThroughExceptionTranslationStrategy.translate(PassThroughExceptionTranslationStrategy.java:37) ~[spring-data-redis-1.7.8.RELEASE.jar:?]
	at org.springframework.data.redis.FallbackExceptionTranslationStrategy.translate(FallbackExceptionTranslationStrategy.java:37) ~[spring-data-redis-1.7.8.RELEASE.jar:?]
	at org.springframework.data.redis.connection.jedis.JedisConnection.convertJedisAccessException(JedisConnection.java:212) ~[spring-data-redis-1.7.8.RELEASE.jar:?]
	at org.springframework.data.redis.connection.jedis.JedisConnection.del(JedisConnection.java:730) ~[spring-data-redis-1.7.8.RELEASE.jar:?]
	at org.springframework.data.redis.core.RedisTemplate$4.doInRedis(RedisTemplate.java:613) ~[spring-data-redis-1.7.8.RELEASE.jar:?]
	at org.springframework.data.redis.core.RedisTemplate.execute(RedisTemplate.java:204) ~[spring-data-redis-1.7.8.RELEASE.jar:?]
	at org.springframework.data.redis.core.RedisTemplate.execute(RedisTemplate.java:166) ~[spring-data-redis-1.7.8.RELEASE.jar:?]
	at org.springframework.data.redis.core.RedisTemplate.delete(RedisTemplate.java:610) ~[spring-data-redis-1.7.8.RELEASE.jar:?]
	at org.springframework.session.data.redis.RedisSessionExpirationPolicy.cleanExpiredSessions(RedisSessionExpirationPolicy.java:124) ~[spring-session-1.2.2.RELEASE.jar:?]
	at org.springframework.session.data.redis.RedisOperationsSessionRepository.cleanupExpiredSessions(RedisOperationsSessionRepository.java:398) ~[spring-session-1.2.2.RELEASE.jar:?]
	at sun.reflect.GeneratedMethodAccessor76.invoke(Unknown Source) ~[?:?]
	at sun.reflect.DelegatingMethodAccessorImpl.invoke(DelegatingMethodAccessorImpl.java:43) ~[?:1.8.0_191]
	at java.lang.reflect.Method.invoke(Method.java:498) ~[?:1.8.0_191]
	at org.springframework.scheduling.support.ScheduledMethodRunnable.run(ScheduledMethodRunnable.java:65) ~[spring-context-4.3.7.RELEASE.jar:4.3.7.RELEASE]
	at org.springframework.scheduling.support.DelegatingErrorHandlingRunnable.run(DelegatingErrorHandlingRunnable.java:54) [spring-context-4.3.7.RELEASE.jar:4.3.7.RELEASE]
	at org.springframework.scheduling.concurrent.ReschedulingRunnable.run(ReschedulingRunnable.java:81) [spring-context-4.3.7.RELEASE.jar:4.3.7.RELEASE]
	at java.util.concurrent.Executors$RunnableAdapter.call(Executors.java:511) [?:1.8.0_191]
	at java.util.concurrent.FutureTask.run(FutureTask.java:266) [?:1.8.0_191]
	at java.util.concurrent.ScheduledThreadPoolExecutor$ScheduledFutureTask.access$201(ScheduledThreadPoolExecutor.java:180) [?:1.8.0_191]
	at java.util.concurrent.ScheduledThreadPoolExecutor$ScheduledFutureTask.run(ScheduledThreadPoolExecutor.java:293) [?:1.8.0_191]
	at java.util.concurrent.ThreadPoolExecutor.runWorker(ThreadPoolExecutor.java:1149) [?:1.8.0_191]
	at java.util.concurrent.ThreadPoolExecutor$Worker.run(ThreadPoolExecutor.java:624) [?:1.8.0_191]
	at java.lang.Thread.run(Thread.java:748) [?:1.8.0_191]
Caused by: redis.clients.jedis.exceptions.JedisConnectionException: java.net.SocketTimeoutException: Read timed out
	at redis.clients.util.RedisInputStream.ensureFill(RedisInputStream.java:202) ~[jedis-2.8.2.jar:?]
	at redis.clients.util.RedisInputStream.readByte(RedisInputStream.java:40) ~[jedis-2.8.2.jar:?]
	at redis.clients.jedis.Protocol.process(Protocol.java:147) ~[jedis-2.8.2.jar:?]
	at redis.clients.jedis.Protocol.read(Protocol.java:211) ~[jedis-2.8.2.jar:?]
	at redis.clients.jedis.Connection.readProtocolWithCheckingBroken(Connection.java:297) ~[jedis-2.8.2.jar:?]
	at redis.clients.jedis.Connection.getIntegerReply(Connection.java:222) ~[jedis-2.8.2.jar:?]
	at redis.clients.jedis.BinaryJedis.del(BinaryJedis.java:202) ~[jedis-2.8.2.jar:?]
	at org.springframework.data.redis.connection.jedis.JedisConnection.del(JedisConnection.java:728) ~[spring-data-redis-1.7.8.RELEASE.jar:?]
	... 19 more
Caused by: java.net.SocketTimeoutException: Read timed out
	at java.net.SocketInputStream.socketRead0(Native Method) ~[?:1.8.0_191]
	at java.net.SocketInputStream.socketRead(SocketInputStream.java:116) ~[?:1.8.0_191]
	at java.net.SocketInputStream.read(SocketInputStream.java:171) ~[?:1.8.0_191]
	at java.net.SocketInputStream.read(SocketInputStream.java:141) ~[?:1.8.0_191]
	at java.net.SocketInputStream.read(SocketInputStream.java:127) ~[?:1.8.0_191]
	at redis.clients.util.RedisInputStream.ensureFill(RedisInputStream.java:196) ~[jedis-2.8.2.jar:?]
	at redis.clients.util.RedisInputStream.readByte(RedisInputStream.java:40) ~[jedis-2.8.2.jar:?]
	at redis.clients.jedis.Protocol.process(Protocol.java:147) ~[jedis-2.8.2.jar:?]
	at redis.clients.jedis.Protocol.read(Protocol.java:211) ~[jedis-2.8.2.jar:?]
	at redis.clients.jedis.Connection.readProtocolWithCheckingBroken(Connection.java:297) ~[jedis-2.8.2.jar:?]
	at redis.clients.jedis.Connection.getIntegerReply(Connection.java:222) ~[jedis-2.8.2.jar:?]
	at redis.clients.jedis.BinaryJedis.del(BinaryJedis.java:202) ~[jedis-2.8.2.jar:?]
	at org.springframework.data.redis.connection.jedis.JedisConnection.del(JedisConnection.java:728) ~[spring-data-redis-1.7.8.RELEASE.jar:?]
	... 19 more
